<?xml version="1.0" encoding="UTF-8"?>
<!-- Generated by org.testng.reporters.JUnitReportReporter -->
<testsuite hostname="DESKTOP-5E6UN8L" failures="0" tests="1" name="Runner.TestRunner" time="0.212" errors="1" timestamp="07 May 2021 13:37:28 GMT" skipped="0">
  <testcase classname="Runner.TestRunner" name="runScenario" time="0.212">
    <error message="Cannot invoke &quot;java.util.Properties.getProperty(String)&quot; because &quot;this.propert&quot; is null" type="java.lang.NullPointerException">
      <![CDATA[java.lang.NullPointerException: Cannot invoke "java.util.Properties.getProperty(String)" because "this.propert" is null
at ConfigReader.ConfigDataProvider.getBrowser(ConfigDataProvider.java:30)
at Hooks.Hooks_Test.setDriver(Hooks_Test.java:18)
]]>
    </error>
  </testcase> <!-- runScenario -->
</testsuite> <!-- Runner.TestRunner -->
